[ 25%] [32mBuilding CXX object CMakeFiles/sv_lib.dir/src/ubicoders_svo_node.cpp.o[0m
In file included from [01m[K/home/ubuntu/robot_ws/src/ubicoders_stereo_vo/src/ubicoders_svo_node.cpp:1[m[K:
[01m[K/home/ubuntu/robot_ws/src/ubicoders_stereo_vo/include/ubicoders_stereo_vo/ubicoders_svo_node.hpp:1:[m[K [01;31m[Kerror: [m[Kunterminated #ifndef
    1 | #ifndef __UBICODERS_SVO_NODE_H__
      | 
In file included from [01m[K/home/ubuntu/robot_ws/src/ubicoders_stereo_vo/include/ubicoders_stereo_vo/ubicoders_svo_publishers.hpp:13[m[K,
                 from [01m[K/home/ubuntu/robot_ws/src/ubicoders_stereo_vo/include/ubicoders_stereo_vo/ubicoders_svo_node.hpp:4[m[K:
[01m[K/home/ubuntu/robot_ws/src/ubicoders_stereo_vo/include/ubicoders_stereo_vo/config.hpp:17:3:[m[K [01;31m[Kerror: [m[Kâ€˜[01m[KK[m[Kâ€™ does not name a type
   17 |   [01;31m[KK[m[K << fx, 0, cx, 0, fy, cy, 0, 0, 1;
      |   [01;31m[K^[m[K
[01m[K/home/ubuntu/robot_ws/src/ubicoders_stereo_vo/include/ubicoders_stereo_vo/config.hpp:20:3:[m[K [01;31m[Kerror: [m[Kâ€˜[01m[Kt[m[Kâ€™ does not name a type; did you mean â€˜[01m[Ktm[m[Kâ€™?
   20 |   [01;31m[Kt[m[K << 0, 0, 0;
      |   [01;31m[K^[m[K
      |   [32m[Ktm[m[K
gmake[2]: *** [CMakeFiles/sv_lib.dir/build.make:76: CMakeFiles/sv_lib.dir/src/ubicoders_svo_node.cpp.o] Error 1
gmake[1]: *** [CMakeFiles/Makefile2:139: CMakeFiles/sv_lib.dir/all] Error 2
gmake: *** [Makefile:146: all] Error 2
