-- Found ament_cmake: 2.5.4 (/opt/ros/jazzy/share/ament_cmake/cmake)
-- Override CMake install command with custom implementation using symlinks instead of copying resources
-- Found rclcpp: 28.1.13 (/opt/ros/jazzy/share/rclcpp/cmake)
-- Found rosidl_generator_c: 4.6.6 (/opt/ros/jazzy/share/rosidl_generator_c/cmake)
-- Found rosidl_generator_cpp: 4.6.6 (/opt/ros/jazzy/share/rosidl_generator_cpp/cmake)
-- Using all available rosidl_typesupport_c: rosidl_typesupport_fastrtps_c;rosidl_typesupport_introspection_c
-- Using all available rosidl_typesupport_cpp: rosidl_typesupport_fastrtps_cpp;rosidl_typesupport_introspection_cpp
-- Found rmw_implementation_cmake: 7.3.2 (/opt/ros/jazzy/share/rmw_implementation_cmake/cmake)
-- Found rmw_fastrtps_cpp: 8.4.3 (/opt/ros/jazzy/share/rmw_fastrtps_cpp/cmake)
-- Using RMW implementation 'rmw_fastrtps_cpp' as default
-- Found sensor_msgs: 5.3.6 (/opt/ros/jazzy/share/sensor_msgs/cmake)
-- Found nav_msgs: 5.3.6 (/opt/ros/jazzy/share/nav_msgs/cmake)
-- Found tf2_eigen: 0.36.16 (/opt/ros/jazzy/share/tf2_eigen/cmake)
-- Found cv_bridge: 4.1.0 (/opt/ros/jazzy/share/cv_bridge/cmake)
-- Found ament_lint_auto: 0.17.3 (/opt/ros/jazzy/share/ament_lint_auto/cmake)
-- Added test 'cppcheck' to perform static code analysis on C / C++ code
-- Configured cppcheck include dirs: /home/ubuntu/robot_ws/src/ubicoders_stereo_vo/include
-- Configured cppcheck exclude dirs and/or files: 
-- Added test 'lint_cmake' to check CMake code style
-- Added test 'uncrustify' to check C / C++ code style
-- Configured uncrustify additional arguments: 
-- Added test 'xmllint' to check XML markup files
-- Configuring done (1.3s)
-- Generating done (0.1s)
-- Build files have been written to: /home/ubuntu/robot_ws/build/ubicoders_stereo_vo
[ 25%] [32mBuilding CXX object CMakeFiles/sv_lib.dir/src/ubicoders_svo_node.cpp.o[0m
In file included from [01m[K/home/ubuntu/robot_ws/src/ubicoders_stereo_vo/src/ubicoders_svo_node.cpp:1[m[K:
[01m[K/home/ubuntu/robot_ws/src/ubicoders_stereo_vo/include/ubicoders_stereo_vo/ubicoders_svo_node.hpp:1:[m[K [01;31m[Kerror: [m[Kunterminated #ifndef
    1 | #ifndef __UBICODERS_SVO_NODE_H__
      | 
In file included from [01m[K/home/ubuntu/robot_ws/src/ubicoders_stereo_vo/include/ubicoders_stereo_vo/ubicoders_svo_publishers.hpp:13[m[K,
                 from [01m[K/home/ubuntu/robot_ws/src/ubicoders_stereo_vo/include/ubicoders_stereo_vo/ubicoders_svo_node.hpp:4[m[K:
[01m[K/home/ubuntu/robot_ws/src/ubicoders_stereo_vo/include/ubicoders_stereo_vo/config.hpp:17:3:[m[K [01;31m[Kerror: [m[Kâ€˜[01m[KK[m[Kâ€™ does not name a type
   17 |   [01;31m[KK[m[K << fx, 0, cx, 0, fy, cy, 0, 0, 1;
      |   [01;31m[K^[m[K
[01m[K/home/ubuntu/robot_ws/src/ubicoders_stereo_vo/include/ubicoders_stereo_vo/config.hpp:20:3:[m[K [01;31m[Kerror: [m[Kâ€˜[01m[Kt[m[Kâ€™ does not name a type; did you mean â€˜[01m[Ktm[m[Kâ€™?
   20 |   [01;31m[Kt[m[K << 0, 0, 0;
      |   [01;31m[K^[m[K
      |   [32m[Ktm[m[K
[01m[K/home/ubuntu/robot_ws/src/ubicoders_stereo_vo/include/ubicoders_stereo_vo/ubicoders_svo_node.hpp:33:47:[m[K [01;31m[Kerror: [m[Kâ€˜[01m[KImage[m[Kâ€™ was not declared in this scope; did you mean â€˜[01m[Ksensor_msgs::msg::Image[m[Kâ€™?
   33 |   std::shared_ptr<message_filters::Subscriber<[01;31m[KImage[m[K>> sub_img_left;
      |                                               [01;31m[K^~~~~[m[K
      |                                               [32m[Ksensor_msgs::msg::Image[m[K
In file included from [01m[K/opt/ros/jazzy/include/sensor_msgs/sensor_msgs/msg/image.hpp:7[m[K,
                 from [01m[K/opt/ros/jazzy/include/cv_bridge/cv_bridge/cv_bridge.hpp:40[m[K,
                 from [01m[K/home/ubuntu/robot_ws/src/ubicoders_stereo_vo/include/ubicoders_stereo_vo/ubicoders_svo_publishers.hpp:4[m[K:
[01m[K/opt/ros/jazzy/include/sensor_msgs/sensor_msgs/msg/detail/image__struct.hpp:211:7:[m[K [01;36m[Knote: [m[Kâ€˜[01m[Ksensor_msgs::msg::Image[m[Kâ€™ declared here
  211 | using [01;36m[KImage[m[K =
      |       [01;36m[K^~~~~[m[K
[01m[K/home/ubuntu/robot_ws/src/ubicoders_stereo_vo/include/ubicoders_stereo_vo/ubicoders_svo_node.hpp:33:47:[m[K [01;31m[Kerror: [m[Ktemplate argument 1 is invalid
   33 |   std::shared_ptr<message_filters::Subscriber<[01;31m[KImage[m[K>> sub_img_left;
      |                                               [01;31m[K^~~~~[m[K
[01m[K/home/ubuntu/robot_ws/src/ubicoders_stereo_vo/include/ubicoders_stereo_vo/ubicoders_svo_node.hpp:33:52:[m[K [01;31m[Kerror: [m[Ktemplate argument 1 is invalid
   33 |   std::shared_ptr<message_filters::Subscriber<Image[01;31m[K>>[m[K sub_img_left;
      |                                                    [01;31m[K^~[m[K
[01m[K/home/ubuntu/robot_ws/src/ubicoders_stereo_vo/include/ubicoders_stereo_vo/ubicoders_svo_node.hpp:34:47:[m[K [01;31m[Kerror: [m[Kâ€˜[01m[KImage[m[Kâ€™ was not declared in this scope; did you mean â€˜[01m[Ksensor_msgs::msg::Image[m[Kâ€™?
   34 |   std::shared_ptr<message_filters::Subscriber<[01;31m[KImage[m[K>> sub_img_right;
      |                                               [01;31m[K^~~~~[m[K
      |                                               [32m[Ksensor_msgs::msg::Image[m[K
[01m[K/opt/ros/jazzy/include/sensor_msgs/sensor_msgs/msg/detail/image__struct.hpp:211:7:[m[K [01;36m[Knote: [m[Kâ€˜[01m[Ksensor_msgs::msg::Image[m[Kâ€™ declared here
  211 | using [01;36m[KImage[m[K =
      |       [01;36m[K^~~~~[m[K
[01m[K/home/ubuntu/robot_ws/src/ubicoders_stereo_vo/include/ubicoders_stereo_vo/ubicoders_svo_node.hpp:34:47:[m[K [01;31m[Kerror: [m[Ktemplate argument 1 is invalid
   34 |   std::shared_ptr<message_filters::Subscriber<[01;31m[KImage[m[K>> sub_img_right;
      |                                               [01;31m[K^~~~~[m[K
[01m[K/home/ubuntu/robot_ws/src/ubicoders_stereo_vo/include/ubicoders_stereo_vo/ubicoders_svo_node.hpp:34:52:[m[K [01;31m[Kerror: [m[Ktemplate argument 1 is invalid
   34 |   std::shared_ptr<message_filters::Subscriber<Image[01;31m[K>>[m[K sub_img_right;
      |                                                    [01;31m[K^~[m[K
[01m[K/home/ubuntu/robot_ws/src/ubicoders_stereo_vo/include/ubicoders_stereo_vo/ubicoders_svo_node.hpp:35:49:[m[K [01;31m[Kerror: [m[Kâ€˜[01m[KImageSyncPolicy[m[Kâ€™ was not declared in this scope
   35 |   std::shared_ptr<message_filters::Synchronizer<[01;31m[KImageSyncPolicy[m[K>>
      |                                                 [01;31m[K^~~~~~~~~~~~~~~[m[K
[01m[K/home/ubuntu/robot_ws/src/ubicoders_stereo_vo/include/ubicoders_stereo_vo/ubicoders_svo_node.hpp:35:49:[m[K [01;31m[Kerror: [m[Ktemplate argument 1 is invalid
[01m[K/home/ubuntu/robot_ws/src/ubicoders_stereo_vo/include/ubicoders_stereo_vo/ubicoders_svo_node.hpp:35:64:[m[K [01;31m[Kerror: [m[Ktemplate argument 1 is invalid
   35 |   std::shared_ptr<message_filters::Synchronizer<ImageSyncPolicy[01;31m[K>>[m[K
      |                                                                [01;31m[K^~[m[K
gmake[2]: *** [CMakeFiles/sv_lib.dir/build.make:76: CMakeFiles/sv_lib.dir/src/ubicoders_svo_node.cpp.o] Error 1
gmake[1]: *** [CMakeFiles/Makefile2:139: CMakeFiles/sv_lib.dir/all] Error 2
gmake: *** [Makefile:146: all] Error 2
