[0.034s] Invoking command in '/home/ubuntu/robot_ws/build/ubicoders_stereo_vo': CMAKE_PREFIX_PATH=${CMAKE_PREFIX_PATH}:/opt/ros/jazzy CONDA_PROMPT_MODIFIER=(base) /usr/bin/cmake /home/ubuntu/robot_ws/src/ubicoders_stereo_vo -DCMAKE_EXPORT_COMPILE_COMMANDS=ON -DAMENT_CMAKE_SYMLINK_INSTALL=1 -DCMAKE_INSTALL_PREFIX=/home/ubuntu/robot_ws/install/ubicoders_stereo_vo
[0.062s] -- Found ament_cmake: 2.5.4 (/opt/ros/jazzy/share/ament_cmake/cmake)
[0.372s] -- Override CMake install command with custom implementation using symlinks instead of copying resources
[0.400s] -- Found rclcpp: 28.1.13 (/opt/ros/jazzy/share/rclcpp/cmake)
[0.463s] -- Found rosidl_generator_c: 4.6.6 (/opt/ros/jazzy/share/rosidl_generator_c/cmake)
[0.475s] -- Found rosidl_generator_cpp: 4.6.6 (/opt/ros/jazzy/share/rosidl_generator_cpp/cmake)
[0.507s] -- Using all available rosidl_typesupport_c: rosidl_typesupport_fastrtps_c;rosidl_typesupport_introspection_c
[0.537s] -- Using all available rosidl_typesupport_cpp: rosidl_typesupport_fastrtps_cpp;rosidl_typesupport_introspection_cpp
[0.644s] -- Found rmw_implementation_cmake: 7.3.2 (/opt/ros/jazzy/share/rmw_implementation_cmake/cmake)
[0.646s] -- Found rmw_fastrtps_cpp: 8.4.3 (/opt/ros/jazzy/share/rmw_fastrtps_cpp/cmake)
[0.749s] -- Using RMW implementation 'rmw_fastrtps_cpp' as default
[0.840s] -- Found sensor_msgs: 5.3.6 (/opt/ros/jazzy/share/sensor_msgs/cmake)
[0.939s] -- Found nav_msgs: 5.3.6 (/opt/ros/jazzy/share/nav_msgs/cmake)
[0.978s] -- Found tf2_eigen: 0.36.16 (/opt/ros/jazzy/share/tf2_eigen/cmake)
[1.151s] -- Found cv_bridge: 4.1.0 (/opt/ros/jazzy/share/cv_bridge/cmake)
[1.194s] -- Found ament_lint_auto: 0.17.3 (/opt/ros/jazzy/share/ament_lint_auto/cmake)
[1.332s] -- Added test 'cppcheck' to perform static code analysis on C / C++ code
[1.332s] -- Configured cppcheck include dirs: /home/ubuntu/robot_ws/src/ubicoders_stereo_vo/include
[1.333s] -- Configured cppcheck exclude dirs and/or files: 
[1.338s] -- Added test 'lint_cmake' to check CMake code style
[1.349s] -- Added test 'uncrustify' to check C / C++ code style
[1.350s] -- Configured uncrustify additional arguments: 
[1.351s] -- Added test 'xmllint' to check XML markup files
[1.356s] -- Configuring done (1.3s)
[1.463s] -- Generating done (0.1s)
[1.499s] -- Build files have been written to: /home/ubuntu/robot_ws/build/ubicoders_stereo_vo
[1.525s] Invoked command in '/home/ubuntu/robot_ws/build/ubicoders_stereo_vo' returned '0': CMAKE_PREFIX_PATH=${CMAKE_PREFIX_PATH}:/opt/ros/jazzy CONDA_PROMPT_MODIFIER=(base) /usr/bin/cmake /home/ubuntu/robot_ws/src/ubicoders_stereo_vo -DCMAKE_EXPORT_COMPILE_COMMANDS=ON -DAMENT_CMAKE_SYMLINK_INSTALL=1 -DCMAKE_INSTALL_PREFIX=/home/ubuntu/robot_ws/install/ubicoders_stereo_vo
[1.528s] Invoking command in '/home/ubuntu/robot_ws/build/ubicoders_stereo_vo': CMAKE_PREFIX_PATH=${CMAKE_PREFIX_PATH}:/opt/ros/jazzy CONDA_PROMPT_MODIFIER=(base) /usr/bin/cmake --build /home/ubuntu/robot_ws/build/ubicoders_stereo_vo -- -j28 -l28
[1.895s] [ 25%] [32mBuilding CXX object CMakeFiles/sv_lib.dir/src/ubicoders_svo_node.cpp.o[0m
[3.015s] In file included from [01m[K/home/ubuntu/robot_ws/src/ubicoders_stereo_vo/src/ubicoders_svo_node.cpp:1[m[K:
[3.016s] [01m[K/home/ubuntu/robot_ws/src/ubicoders_stereo_vo/include/ubicoders_stereo_vo/ubicoders_svo_node.hpp:1:[m[K [01;31m[Kerror: [m[Kunterminated #ifndef
[3.016s]     1 | #ifndef __UBICODERS_SVO_NODE_H__
[3.017s]       | 
[7.771s] In file included from [01m[K/home/ubuntu/robot_ws/src/ubicoders_stereo_vo/include/ubicoders_stereo_vo/ubicoders_svo_publishers.hpp:13[m[K,
[7.771s]                  from [01m[K/home/ubuntu/robot_ws/src/ubicoders_stereo_vo/include/ubicoders_stereo_vo/ubicoders_svo_node.hpp:4[m[K:
[7.772s] [01m[K/home/ubuntu/robot_ws/src/ubicoders_stereo_vo/include/ubicoders_stereo_vo/config.hpp:17:3:[m[K [01;31m[Kerror: [m[Kâ€˜[01m[KK[m[Kâ€™ does not name a type
[7.772s]    17 |   [01;31m[KK[m[K << fx, 0, cx, 0, fy, cy, 0, 0, 1;
[7.773s]       |   [01;31m[K^[m[K
[7.795s] [01m[K/home/ubuntu/robot_ws/src/ubicoders_stereo_vo/include/ubicoders_stereo_vo/config.hpp:20:3:[m[K [01;31m[Kerror: [m[Kâ€˜[01m[Kt[m[Kâ€™ does not name a type; did you mean â€˜[01m[Ktm[m[Kâ€™?
[7.795s]    20 |   [01;31m[Kt[m[K << 0, 0, 0;
[7.796s]       |   [01;31m[K^[m[K
[7.796s]       |   [32m[Ktm[m[K
[8.124s] [01m[K/home/ubuntu/robot_ws/src/ubicoders_stereo_vo/include/ubicoders_stereo_vo/ubicoders_svo_node.hpp:33:47:[m[K [01;31m[Kerror: [m[Kâ€˜[01m[KImage[m[Kâ€™ was not declared in this scope; did you mean â€˜[01m[Ksensor_msgs::msg::Image[m[Kâ€™?
[8.124s]    33 |   std::shared_ptr<message_filters::Subscriber<[01;31m[KImage[m[K>> sub_img_left;
[8.124s]       |                                               [01;31m[K^~~~~[m[K
[8.124s]       |                                               [32m[Ksensor_msgs::msg::Image[m[K
[8.125s] In file included from [01m[K/opt/ros/jazzy/include/sensor_msgs/sensor_msgs/msg/image.hpp:7[m[K,
[8.125s]                  from [01m[K/opt/ros/jazzy/include/cv_bridge/cv_bridge/cv_bridge.hpp:40[m[K,
[8.125s]                  from [01m[K/home/ubuntu/robot_ws/src/ubicoders_stereo_vo/include/ubicoders_stereo_vo/ubicoders_svo_publishers.hpp:4[m[K:
[8.125s] [01m[K/opt/ros/jazzy/include/sensor_msgs/sensor_msgs/msg/detail/image__struct.hpp:211:7:[m[K [01;36m[Knote: [m[Kâ€˜[01m[Ksensor_msgs::msg::Image[m[Kâ€™ declared here
[8.126s]   211 | using [01;36m[KImage[m[K =
[8.126s]       |       [01;36m[K^~~~~[m[K
[8.126s] [01m[K/home/ubuntu/robot_ws/src/ubicoders_stereo_vo/include/ubicoders_stereo_vo/ubicoders_svo_node.hpp:33:47:[m[K [01;31m[Kerror: [m[Ktemplate argument 1 is invalid
[8.126s]    33 |   std::shared_ptr<message_filters::Subscriber<[01;31m[KImage[m[K>> sub_img_left;
[8.127s]       |                                               [01;31m[K^~~~~[m[K
[8.127s] [01m[K/home/ubuntu/robot_ws/src/ubicoders_stereo_vo/include/ubicoders_stereo_vo/ubicoders_svo_node.hpp:33:52:[m[K [01;31m[Kerror: [m[Ktemplate argument 1 is invalid
[8.127s]    33 |   std::shared_ptr<message_filters::Subscriber<Image[01;31m[K>>[m[K sub_img_left;
[8.128s]       |                                                    [01;31m[K^~[m[K
[8.128s] [01m[K/home/ubuntu/robot_ws/src/ubicoders_stereo_vo/include/ubicoders_stereo_vo/ubicoders_svo_node.hpp:34:47:[m[K [01;31m[Kerror: [m[Kâ€˜[01m[KImage[m[Kâ€™ was not declared in this scope; did you mean â€˜[01m[Ksensor_msgs::msg::Image[m[Kâ€™?
[8.128s]    34 |   std::shared_ptr<message_filters::Subscriber<[01;31m[KImage[m[K>> sub_img_right;
[8.129s]       |                                               [01;31m[K^~~~~[m[K
[8.129s]       |                                               [32m[Ksensor_msgs::msg::Image[m[K
[8.129s] [01m[K/opt/ros/jazzy/include/sensor_msgs/sensor_msgs/msg/detail/image__struct.hpp:211:7:[m[K [01;36m[Knote: [m[Kâ€˜[01m[Ksensor_msgs::msg::Image[m[Kâ€™ declared here
[8.130s]   211 | using [01;36m[KImage[m[K =
[8.130s]       |       [01;36m[K^~~~~[m[K
[8.130s] [01m[K/home/ubuntu/robot_ws/src/ubicoders_stereo_vo/include/ubicoders_stereo_vo/ubicoders_svo_node.hpp:34:47:[m[K [01;31m[Kerror: [m[Ktemplate argument 1 is invalid
[8.131s]    34 |   std::shared_ptr<message_filters::Subscriber<[01;31m[KImage[m[K>> sub_img_right;
[8.132s]       |                                               [01;31m[K^~~~~[m[K
[8.133s] [01m[K/home/ubuntu/robot_ws/src/ubicoders_stereo_vo/include/ubicoders_stereo_vo/ubicoders_svo_node.hpp:34:52:[m[K [01;31m[Kerror: [m[Ktemplate argument 1 is invalid
[8.133s]    34 |   std::shared_ptr<message_filters::Subscriber<Image[01;31m[K>>[m[K sub_img_right;
[8.134s]       |                                                    [01;31m[K^~[m[K
[8.178s] [01m[K/home/ubuntu/robot_ws/src/ubicoders_stereo_vo/include/ubicoders_stereo_vo/ubicoders_svo_node.hpp:35:49:[m[K [01;31m[Kerror: [m[Kâ€˜[01m[KImageSyncPolicy[m[Kâ€™ was not declared in this scope
[8.179s]    35 |   std::shared_ptr<message_filters::Synchronizer<[01;31m[KImageSyncPolicy[m[K>>
[8.179s]       |                                                 [01;31m[K^~~~~~~~~~~~~~~[m[K
[8.180s] [01m[K/home/ubuntu/robot_ws/src/ubicoders_stereo_vo/include/ubicoders_stereo_vo/ubicoders_svo_node.hpp:35:49:[m[K [01;31m[Kerror: [m[Ktemplate argument 1 is invalid
[8.181s] [01m[K/home/ubuntu/robot_ws/src/ubicoders_stereo_vo/include/ubicoders_stereo_vo/ubicoders_svo_node.hpp:35:64:[m[K [01;31m[Kerror: [m[Ktemplate argument 1 is invalid
[8.182s]    35 |   std::shared_ptr<message_filters::Synchronizer<ImageSyncPolicy[01;31m[K>>[m[K
[8.183s]       |                                                                [01;31m[K^~[m[K
[10.716s] gmake[2]: *** [CMakeFiles/sv_lib.dir/build.make:76: CMakeFiles/sv_lib.dir/src/ubicoders_svo_node.cpp.o] Error 1
[10.717s] gmake[1]: *** [CMakeFiles/Makefile2:139: CMakeFiles/sv_lib.dir/all] Error 2
[10.717s] gmake: *** [Makefile:146: all] Error 2
[10.722s] Invoked command in '/home/ubuntu/robot_ws/build/ubicoders_stereo_vo' returned '2': CMAKE_PREFIX_PATH=${CMAKE_PREFIX_PATH}:/opt/ros/jazzy CONDA_PROMPT_MODIFIER=(base) /usr/bin/cmake --build /home/ubuntu/robot_ws/build/ubicoders_stereo_vo -- -j28 -l28
