-- Found ament_cmake: 2.5.4 (/opt/ros/jazzy/share/ament_cmake/cmake)
-- Override CMake install command with custom implementation using symlinks instead of copying resources
-- Found rclcpp: 28.1.13 (/opt/ros/jazzy/share/rclcpp/cmake)
-- Found rosidl_generator_c: 4.6.6 (/opt/ros/jazzy/share/rosidl_generator_c/cmake)
-- Found rosidl_generator_cpp: 4.6.6 (/opt/ros/jazzy/share/rosidl_generator_cpp/cmake)
-- Using all available rosidl_typesupport_c: rosidl_typesupport_fastrtps_c;rosidl_typesupport_introspection_c
-- Using all available rosidl_typesupport_cpp: rosidl_typesupport_fastrtps_cpp;rosidl_typesupport_introspection_cpp
-- Found rmw_implementation_cmake: 7.3.2 (/opt/ros/jazzy/share/rmw_implementation_cmake/cmake)
-- Found rmw_fastrtps_cpp: 8.4.3 (/opt/ros/jazzy/share/rmw_fastrtps_cpp/cmake)
-- Using RMW implementation 'rmw_fastrtps_cpp' as default
-- Found sensor_msgs: 5.3.6 (/opt/ros/jazzy/share/sensor_msgs/cmake)
-- Found nav_msgs: 5.3.6 (/opt/ros/jazzy/share/nav_msgs/cmake)
-- Found tf2_eigen: 0.36.16 (/opt/ros/jazzy/share/tf2_eigen/cmake)
-- Found cv_bridge: 4.1.0 (/opt/ros/jazzy/share/cv_bridge/cmake)
-- Found ament_lint_auto: 0.17.3 (/opt/ros/jazzy/share/ament_lint_auto/cmake)
-- Added test 'cppcheck' to perform static code analysis on C / C++ code
-- Configured cppcheck include dirs: /home/ubuntu/robot_ws/src/ubicoders_stereo_vo/include
-- Configured cppcheck exclude dirs and/or files: 
-- Added test 'lint_cmake' to check CMake code style
-- Added test 'uncrustify' to check C / C++ code style
-- Configured uncrustify additional arguments: 
-- Added test 'xmllint' to check XML markup files
-- Configuring done (1.5s)
-- Generating done (0.1s)
-- Build files have been written to: /home/ubuntu/robot_ws/build/ubicoders_stereo_vo
[ 25%] [32mBuilding CXX object CMakeFiles/sv_lib.dir/src/ubicoders_svo_publishers.cpp.o[0m
[01m[K/home/ubuntu/robot_ws/src/ubicoders_stereo_vo/src/ubicoders_svo_publishers.cpp:5:1:[m[K [01;31m[Kerror: [m[Kredefinition of â€˜[01m[KUbicodersSVO::UbicodersSVOPublishers::[01;32m[KUbicodersSVOPublishers[m[K()[m[Kâ€™
    5 | [01;31m[KUbicodersSVOPublishers[m[K::UbicodersSVOPublishers() {}
      | [01;31m[K^~~~~~~~~~~~~~~~~~~~~~[m[K
In file included from [01m[K/home/ubuntu/robot_ws/src/ubicoders_stereo_vo/src/ubicoders_svo_publishers.cpp:1[m[K:
[01m[K/home/ubuntu/robot_ws/src/ubicoders_stereo_vo/include/ubicoders_stereo_vo/ubicoders_svo_publishers.hpp:33:3:[m[K [01;36m[Knote: [m[Kâ€˜[01m[KUbicodersSVO::UbicodersSVOPublishers::[01;32m[KUbicodersSVOPublishers[m[K()[m[Kâ€™ previously defined here
   33 |   [01;36m[KUbicodersSVOPublishers[m[K() {}
      |   [01;36m[K^~~~~~~~~~~~~~~~~~~~~~[m[K
gmake[2]: *** [CMakeFiles/sv_lib.dir/build.make:76: CMakeFiles/sv_lib.dir/src/ubicoders_svo_publishers.cpp.o] Error 1
gmake[1]: *** [CMakeFiles/Makefile2:139: CMakeFiles/sv_lib.dir/all] Error 2
gmake: *** [Makefile:146: all] Error 2
